TN:
SF:src/domain/@shared/event/event-dispatcher.ts
FN:5,get
FN:9,get getEventHandlers
FN:13,notify
FN:22,register
FN:30,unregister
FN:40,unregisterAll
FNF:6
FNH:6
FNDA:23,get
FNDA:34,get getEventHandlers
FNDA:21,notify
FNDA:34,register
FNDA:4,unregister
FNDA:20,unregisterAll
DA:1,1
DA:2,1
DA:3,1
DA:4,1
DA:5,1
DA:6,1
DA:7,1
DA:8,1
DA:9,1
DA:10,34
DA:11,34
DA:12,1
DA:13,1
DA:14,21
DA:15,21
DA:16,21
DA:17,22
DA:18,22
DA:19,21
DA:20,21
DA:21,1
DA:22,1
DA:23,34
DA:24,34
DA:25,30
DA:26,30
DA:27,34
DA:28,34
DA:29,1
DA:30,1
DA:31,4
DA:32,4
DA:33,4
DA:34,4
DA:35,4
DA:36,4
DA:37,4
DA:38,4
DA:39,1
DA:40,1
DA:41,20
DA:42,20
DA:43,1
LF:43
LH:43
BRDA:5,0,0,23
BRDA:9,1,0,34
BRDA:13,2,0,21
BRDA:16,3,0,22
BRDA:22,4,0,34
BRDA:24,5,0,30
BRDA:30,6,0,4
BRDA:40,7,0,20
BRF:8
BRH:8
end_of_record
TN:
SF:src/domain/checkout/entity/order.ts
FN:3,get
FN:18,get id
FN:22,get customerId
FN:26,get items
FN:30,changeCustomerId
FN:34,addItem
FN:38,total
FN:42,validate
FN:10,Order
FNF:9
FNH:7
FNDA:17,get
FNDA:13,get id
FNDA:6,get customerId
FNDA:6,get items
FNDA:0,changeCustomerId
FNDA:0,addItem
FNDA:31,total
FNDA:17,validate
FNDA:17,Order
DA:1,1
DA:2,1
DA:3,1
DA:4,1
DA:5,1
DA:6,1
DA:7,1
DA:8,1
DA:9,1
DA:10,1
DA:11,17
DA:12,17
DA:13,17
DA:14,17
DA:15,17
DA:16,17
DA:17,1
DA:18,1
DA:19,13
DA:20,13
DA:21,1
DA:22,1
DA:23,6
DA:24,6
DA:25,1
DA:26,1
DA:27,6
DA:28,6
DA:29,1
DA:30,1
DA:31,0
DA:32,0
DA:33,1
DA:34,1
DA:35,0
DA:36,0
DA:37,1
DA:38,1
DA:39,31
DA:40,31
DA:41,1
DA:42,1
DA:43,17
DA:44,1
DA:45,1
DA:46,17
DA:47,1
DA:48,1
DA:49,17
DA:50,1
DA:51,1
DA:52,17
DA:53,0
DA:54,0
DA:55,14
DA:56,14
DA:57,1
DA:58,1
LF:58
LH:52
BRDA:3,0,0,17
BRDA:18,1,0,13
BRDA:22,2,0,6
BRDA:26,3,0,6
BRDA:38,4,0,31
BRDA:39,5,0,36
BRDA:42,6,0,17
BRDA:43,7,0,1
BRDA:46,8,0,16
BRDA:46,9,0,1
BRDA:49,10,0,15
BRDA:49,11,0,1
BRDA:52,12,0,14
BRDA:52,13,0,0
BRDA:55,14,0,14
BRDA:52,15,0,18
BRDA:10,16,0,17
BRF:17
BRH:16
end_of_record
TN:
SF:src/domain/checkout/entity/order_item.ts
FN:1,get
FN:20,get id
FN:24,get name
FN:28,get quantity
FN:32,get price
FN:36,get productId
FN:40,orderItemTotal
FN:44,validate
FN:10,OrderItem
FNF:9
FNH:9
FNDA:22,get
FNDA:12,get id
FNDA:12,get name
FNDA:30,get quantity
FNDA:12,get price
FNDA:8,get productId
FNDA:58,orderItemTotal
FNDA:22,validate
FNDA:22,OrderItem
DA:1,1
DA:2,1
DA:3,1
DA:4,1
DA:5,1
DA:6,1
DA:7,1
DA:8,1
DA:9,1
DA:10,1
DA:11,22
DA:12,22
DA:13,22
DA:14,22
DA:15,22
DA:16,22
DA:17,22
DA:18,22
DA:19,1
DA:20,1
DA:21,12
DA:22,12
DA:23,1
DA:24,1
DA:25,12
DA:26,12
DA:27,1
DA:28,1
DA:29,30
DA:30,30
DA:31,1
DA:32,1
DA:33,12
DA:34,12
DA:35,1
DA:36,1
DA:37,8
DA:38,8
DA:39,1
DA:40,1
DA:41,58
DA:42,58
DA:43,1
DA:44,1
DA:45,22
DA:46,1
DA:47,1
DA:48,22
DA:49,1
DA:50,1
DA:51,22
DA:52,1
DA:53,1
DA:54,22
DA:55,1
DA:56,1
DA:57,18
DA:58,2
DA:59,2
DA:60,16
DA:61,16
DA:62,1
LF:62
LH:62
BRDA:1,0,0,22
BRDA:20,1,0,12
BRDA:24,2,0,12
BRDA:28,3,0,30
BRDA:32,4,0,12
BRDA:36,5,0,8
BRDA:40,6,0,58
BRDA:44,7,0,22
BRDA:45,8,0,1
BRDA:48,9,0,21
BRDA:48,10,0,1
BRDA:51,11,0,20
BRDA:51,12,0,1
BRDA:54,13,0,19
BRDA:54,14,0,18
BRDA:54,15,0,1
BRDA:57,16,0,2
BRDA:60,17,0,16
BRDA:10,18,0,22
BRF:19
BRH:19
end_of_record
TN:
SF:src/domain/checkout/service/order.service.ts
FN:7,get
FN:9,placeOrder
FN:21,total
FNF:3
FNH:3
FNDA:2,get
FNDA:1,placeOrder
FNDA:1,total
DA:1,1
DA:2,1
DA:3,1
DA:4,1
DA:5,1
DA:6,1
DA:7,1
DA:8,1
DA:9,1
DA:10,1
DA:11,1
DA:12,0
DA:13,0
DA:14,1
DA:15,1
DA:16,1
DA:17,1
DA:18,1
DA:19,1
DA:20,1
DA:21,1
DA:22,1
DA:23,1
DA:24,1
LF:24
LH:22
BRDA:7,0,0,2
BRDA:9,1,0,1
BRDA:11,2,0,0
BRDA:21,3,0,1
BRDA:22,4,0,2
BRF:5
BRH:4
end_of_record
TN:
SF:src/domain/customer/entity/customer.ts
FN:6,get
FN:21,get id
FN:25,get name
FN:29,get Address
FN:33,get rewardPoints
FN:37,isActive
FN:41,validate
FN:50,changeName
FN:55,activate
FN:62,deactivate
FN:66,changeAddress
FN:81,addRewardPoints
FN:14,Customer
FNF:13
FNH:13
FNDA:27,get
FNDA:19,get id
FNDA:21,get name
FNDA:68,get Address
FNDA:19,get rewardPoints
FNDA:17,isActive
FNDA:29,validate
FNDA:2,changeName
FNDA:8,activate
FNDA:1,deactivate
FNDA:19,changeAddress
FNDA:8,addRewardPoints
FNDA:27,Customer
DA:1,1
DA:2,1
DA:3,1
DA:4,1
DA:5,1
DA:6,1
DA:7,1
DA:8,1
DA:9,1
DA:10,1
DA:11,1
DA:12,1
DA:13,1
DA:14,1
DA:15,27
DA:16,27
DA:17,27
DA:18,27
DA:19,27
DA:20,1
DA:21,1
DA:22,19
DA:23,19
DA:24,1
DA:25,1
DA:26,21
DA:27,21
DA:28,1
DA:29,1
DA:30,68
DA:31,68
DA:32,1
DA:33,1
DA:34,19
DA:35,19
DA:36,1
DA:37,1
DA:38,17
DA:39,17
DA:40,1
DA:41,1
DA:42,29
DA:43,1
DA:44,1
DA:45,29
DA:46,1
DA:47,1
DA:48,29
DA:49,1
DA:50,1
DA:51,2
DA:52,2
DA:53,2
DA:54,1
DA:55,1
DA:56,8
DA:57,1
DA:58,1
DA:59,7
DA:60,7
DA:61,1
DA:62,1
DA:63,1
DA:64,1
DA:65,1
DA:66,1
DA:67,19
DA:68,19
DA:69,19
DA:70,19
DA:71,19
DA:72,19
DA:73,19
DA:74,19
DA:75,19
DA:76,19
DA:77,19
DA:78,19
DA:79,19
DA:80,1
DA:81,1
DA:82,8
DA:83,8
DA:84,1
DA:85,1
LF:85
LH:85
BRDA:6,0,0,27
BRDA:21,1,0,19
BRDA:25,2,0,21
BRDA:29,3,0,68
BRDA:33,4,0,19
BRDA:37,5,0,17
BRDA:41,6,0,29
BRDA:42,7,0,1
BRDA:45,8,0,28
BRDA:45,9,0,1
BRDA:50,10,0,2
BRDA:55,11,0,8
BRDA:56,12,0,7
BRDA:56,13,0,1
BRDA:62,14,0,1
BRDA:66,15,0,19
BRDA:81,16,0,8
BRDA:14,17,0,27
BRF:18
BRH:18
end_of_record
TN:
SF:src/domain/customer/event/customer/customer-changed-address.event.ts
FN:4,get
FN:18,get id
FN:21,get name
FN:24,get address
FN:11,CustomerChangedAddressEvent
FNF:5
FNH:5
FNDA:19,get
FNDA:19,get id
FNDA:19,get name
FNDA:19,get address
FNDA:19,CustomerChangedAddressEvent
DA:1,1
DA:2,1
DA:3,1
DA:4,1
DA:5,1
DA:6,1
DA:7,1
DA:8,1
DA:9,1
DA:10,1
DA:11,1
DA:12,19
DA:13,19
DA:14,19
DA:15,19
DA:16,19
DA:17,1
DA:18,1
DA:19,19
DA:20,19
DA:21,1
DA:22,19
DA:23,19
DA:24,1
DA:25,19
DA:26,19
DA:27,1
LF:27
LH:27
BRDA:4,0,0,19
BRDA:18,1,0,19
BRDA:21,2,0,19
BRDA:24,3,0,19
BRDA:11,4,0,19
BRF:5
BRH:5
end_of_record
TN:
SF:src/domain/customer/event/customer/customer-created.event.ts
FN:4,get
FN:8,CustomerCreatedEvent
FNF:2
FNH:2
FNDA:1,get
FNDA:1,CustomerCreatedEvent
DA:1,1
DA:2,1
DA:3,1
DA:4,1
DA:5,1
DA:6,1
DA:7,1
DA:8,1
DA:9,1
DA:10,1
DA:11,1
DA:12,1
LF:12
LH:12
BRDA:4,0,0,1
BRDA:8,1,0,1
BRF:2
BRH:2
end_of_record
TN:
SF:src/domain/customer/event/customer/handler/envia-console-log-1-handler.handler.ts
FN:5,get
FN:7,handle
FNF:2
FNH:2
FNDA:4,get
FNDA:1,handle
DA:1,1
DA:2,1
DA:3,1
DA:4,1
DA:5,1
DA:6,1
DA:7,1
DA:8,1
DA:9,1
DA:10,1
LF:10
LH:10
BRDA:5,0,0,4
BRDA:7,1,0,1
BRF:2
BRH:2
end_of_record
TN:
SF:src/domain/customer/event/customer/handler/envia-console-log-2-handler.handler.ts
FN:6,get
FN:8,handle
FNF:2
FNH:2
FNDA:4,get
FNDA:1,handle
DA:1,1
DA:2,1
DA:3,1
DA:4,1
DA:5,1
DA:6,1
DA:7,1
DA:8,1
DA:9,1
DA:10,1
DA:11,1
LF:11
LH:11
BRDA:6,0,0,4
BRDA:8,1,0,1
BRF:2
BRH:2
end_of_record
TN:
SF:src/domain/customer/event/customer/handler/envia-console-log-handler.handler.ts
FN:5,get
FN:7,handle
FNF:2
FNH:2
FNDA:22,get
FNDA:19,handle
DA:1,1
DA:2,1
DA:3,1
DA:4,1
DA:5,1
DA:6,1
DA:7,1
DA:8,19
DA:9,19
DA:10,19
DA:11,1
LF:11
LH:11
BRDA:5,0,0,22
BRDA:7,1,0,19
BRF:2
BRH:2
end_of_record
TN:
SF:src/domain/customer/factory/customer.factory.ts
FN:5,get
FN:6,create
FN:10,createWithAddress
FNF:3
FNH:3
FNDA:3,get
FNDA:1,create
FNDA:2,createWithAddress
DA:1,1
DA:2,1
DA:3,1
DA:4,1
DA:5,1
DA:6,1
DA:7,1
DA:8,1
DA:9,1
DA:10,1
DA:11,2
DA:12,2
DA:13,2
DA:14,2
DA:15,1
LF:15
LH:15
BRDA:5,0,0,3
BRDA:6,1,0,1
BRDA:10,2,0,2
BRF:3
BRH:3
end_of_record
TN:
SF:src/domain/customer/value-object/address.ts
FN:1,get
FN:16,get street
FN:20,get number
FN:24,get zip
FN:28,get city
FN:32,validate
FN:47,toString
FN:8,Address
FNF:8
FNH:8
FNDA:19,get
FNDA:18,get street
FNDA:18,get number
FNDA:18,get zip
FNDA:18,get city
FNDA:19,validate
FNDA:19,toString
FNDA:19,Address
DA:1,1
DA:2,1
DA:3,1
DA:4,1
DA:5,1
DA:6,1
DA:7,1
DA:8,1
DA:9,19
DA:10,19
DA:11,19
DA:12,19
DA:13,19
DA:14,19
DA:15,1
DA:16,1
DA:17,18
DA:18,18
DA:19,1
DA:20,1
DA:21,18
DA:22,18
DA:23,1
DA:24,1
DA:25,18
DA:26,18
DA:27,1
DA:28,1
DA:29,18
DA:30,18
DA:31,1
DA:32,1
DA:33,19
DA:34,0
DA:35,0
DA:36,19
DA:37,0
DA:38,0
DA:39,19
DA:40,0
DA:41,0
DA:42,19
DA:43,0
DA:44,0
DA:45,19
DA:46,1
DA:47,1
DA:48,19
DA:49,19
DA:50,1
LF:50
LH:42
BRDA:1,0,0,19
BRDA:16,1,0,18
BRDA:20,2,0,18
BRDA:24,3,0,18
BRDA:28,4,0,18
BRDA:32,5,0,19
BRDA:33,6,0,0
BRDA:36,7,0,0
BRDA:39,8,0,0
BRDA:42,9,0,0
BRDA:47,10,0,19
BRDA:8,11,0,19
BRF:12
BRH:8
end_of_record
TN:
SF:src/domain/product/entity/product.ts
FN:1,get
FN:14,get id
FN:18,get name
FN:22,get price
FN:26,validate
FN:39,changeName
FN:44,changePrice
FN:7,Product
FNF:8
FNH:8
FNDA:21,get
FNDA:20,get id
FNDA:21,get name
FNDA:27,get price
FNDA:27,validate
FNDA:2,changeName
FNDA:4,changePrice
FNDA:21,Product
DA:1,1
DA:2,1
DA:3,1
DA:4,1
DA:5,1
DA:6,1
DA:7,1
DA:8,21
DA:9,21
DA:10,21
DA:11,21
DA:12,21
DA:13,1
DA:14,1
DA:15,20
DA:16,20
DA:17,1
DA:18,1
DA:19,21
DA:20,21
DA:21,1
DA:22,1
DA:23,27
DA:24,27
DA:25,1
DA:26,1
DA:27,27
DA:28,1
DA:29,1
DA:30,27
DA:31,1
DA:32,1
DA:33,27
DA:34,1
DA:35,1
DA:36,24
DA:37,24
DA:38,1
DA:39,1
DA:40,2
DA:41,2
DA:42,2
DA:43,1
DA:44,1
DA:45,4
DA:46,4
DA:47,4
DA:48,1
DA:49,1
LF:49
LH:49
BRDA:1,0,0,21
BRDA:14,1,0,20
BRDA:18,2,0,21
BRDA:22,3,0,27
BRDA:26,4,0,27
BRDA:27,5,0,1
BRDA:30,6,0,26
BRDA:30,7,0,1
BRDA:33,8,0,25
BRDA:33,9,0,1
BRDA:36,10,0,24
BRDA:39,11,0,2
BRDA:44,12,0,4
BRDA:7,13,0,21
BRF:14
BRH:14
end_of_record
TN:
SF:src/domain/product/event/product-created.event.ts
FN:4,get
FN:8,ProductCreatedEvent
FNF:2
FNH:2
FNDA:1,get
FNDA:1,ProductCreatedEvent
DA:1,1
DA:2,1
DA:3,1
DA:4,1
DA:5,1
DA:6,1
DA:7,1
DA:8,1
DA:9,1
DA:10,1
DA:11,1
DA:12,1
LF:12
LH:12
BRDA:4,0,0,1
BRDA:8,1,0,1
BRF:2
BRH:2
end_of_record
TN:
SF:src/domain/product/event/handler/send-email-when-product-is-created.handler.ts
FN:4,get
FN:6,handle
FNF:2
FNH:2
FNDA:4,get
FNDA:1,handle
DA:1,1
DA:2,1
DA:3,1
DA:4,1
DA:5,1
DA:6,1
DA:7,1
DA:8,1
DA:9,1
LF:9
LH:9
BRDA:4,0,0,4
BRDA:6,1,0,1
BRF:2
BRH:2
end_of_record
TN:
SF:src/domain/product/service/product.service.ts
FN:3,get
FN:5,increasePrice
FNF:2
FNH:2
FNDA:1,get
FNDA:1,increasePrice
DA:1,1
DA:2,1
DA:3,1
DA:4,1
DA:5,1
DA:6,1
DA:7,2
DA:8,2
DA:9,1
DA:10,1
LF:10
LH:10
BRDA:3,0,0,1
BRDA:5,1,0,1
BRDA:6,2,0,2
BRF:3
BRH:3
end_of_record
TN:
SF:src/infrastructure/customer/repository/sequelize/customer.model.ts
FN:7,get
FNF:1
FNH:1
FNDA:48,get
DA:1,1
DA:2,1
DA:3,1
DA:4,1
DA:5,1
DA:6,1
DA:7,1
DA:8,1
DA:9,1
DA:10,1
DA:11,1
DA:12,1
DA:13,1
DA:14,1
DA:15,1
DA:16,1
DA:17,1
DA:18,1
DA:19,1
DA:20,1
DA:21,1
DA:22,1
DA:23,1
DA:24,1
DA:25,1
DA:26,1
DA:27,1
DA:28,1
DA:29,1
DA:30,1
DA:31,1
DA:32,1
DA:33,1
LF:33
LH:33
BRDA:7,0,0,48
BRF:1
BRH:1
end_of_record
TN:
SF:src/infrastructure/customer/repository/sequelize/customer.repository.ts
FN:6,get
FN:8,create
FN:21,update
FN:39,find
FN:63,findAll
FNF:5
FNH:5
FNDA:10,get
FNDA:11,create
FNDA:1,update
FNDA:3,find
FNDA:1,findAll
DA:1,1
DA:2,1
DA:3,1
DA:4,1
DA:5,1
DA:6,1
DA:7,1
DA:8,1
DA:9,11
DA:10,11
DA:11,11
DA:12,11
DA:13,11
DA:14,11
DA:15,11
DA:16,11
DA:17,11
DA:18,11
DA:19,11
DA:20,1
DA:21,1
DA:22,1
DA:23,1
DA:24,1
DA:25,1
DA:26,1
DA:27,1
DA:28,1
DA:29,1
DA:30,1
DA:31,1
DA:32,1
DA:33,1
DA:34,1
DA:35,1
DA:36,1
DA:37,1
DA:38,1
DA:39,1
DA:40,3
DA:41,3
DA:42,3
DA:43,3
DA:44,3
DA:45,3
DA:46,3
DA:47,3
DA:48,2
DA:49,1
DA:50,1
DA:51,2
DA:52,2
DA:53,2
DA:54,2
DA:55,2
DA:56,2
DA:57,2
DA:58,2
DA:59,2
DA:60,2
DA:61,2
DA:62,1
DA:63,1
DA:64,1
DA:65,1
DA:66,1
DA:67,2
DA:68,2
DA:69,2
DA:70,2
DA:71,2
DA:72,2
DA:73,2
DA:74,2
DA:75,2
DA:76,2
DA:77,2
DA:78,2
DA:79,2
DA:80,2
DA:81,1
DA:82,1
DA:83,1
DA:84,1
LF:84
LH:84
BRDA:6,0,0,10
BRDA:8,1,0,11
BRDA:21,2,0,1
BRDA:39,3,0,3
BRDA:47,4,0,2
BRDA:48,5,0,1
BRDA:63,6,0,1
BRDA:66,7,0,2
BRF:8
BRH:8
end_of_record
TN:
SF:src/infrastructure/order/repository/sequelize/order-item.model.ts
FN:9,get
FNF:1
FNH:1
FNDA:24,get
DA:1,1
DA:2,1
DA:3,1
DA:4,1
DA:5,1
DA:6,1
DA:7,1
DA:8,1
DA:9,1
DA:10,1
DA:11,1
DA:12,1
DA:13,1
DA:14,1
DA:15,1
DA:16,1
DA:17,1
DA:18,1
DA:19,1
DA:20,1
DA:21,1
DA:22,1
DA:23,1
DA:24,1
DA:25,1
DA:26,1
DA:27,1
DA:28,1
DA:29,1
DA:30,1
DA:31,1
DA:32,1
DA:33,1
DA:34,1
DA:35,1
DA:36,1
DA:37,1
LF:37
LH:37
BRDA:20,0,0,0
BRDA:27,1,0,0
BRDA:9,2,0,24
BRDA:15,3,0,20
BRDA:19,4,0,8
BRDA:22,5,0,8
BRDA:26,6,0,8
BRF:7
BRH:5
end_of_record
TN:
SF:src/infrastructure/order/repository/sequelize/order.model.ts
FN:9,get
FNF:1
FNH:1
FNDA:32,get
DA:1,1
DA:2,1
DA:3,1
DA:4,1
DA:5,1
DA:6,1
DA:7,1
DA:8,1
DA:9,1
DA:10,1
DA:11,1
DA:12,1
DA:13,1
DA:14,1
DA:15,1
DA:16,1
DA:17,1
DA:18,1
DA:19,1
DA:20,1
DA:21,1
DA:22,1
DA:23,1
DA:24,1
DA:25,1
DA:26,1
DA:27,1
LF:27
LH:27
BRDA:20,0,0,0
BRDA:9,1,0,32
BRDA:15,2,0,4
BRDA:19,3,0,13
BRDA:22,4,0,13
BRF:5
BRH:4
end_of_record
TN:
SF:src/infrastructure/order/repository/sequelize/order.repository.ts
FN:7,get
FN:9,create
FN:27,update
FN:50,find
FN:77,findAll
FNF:5
FNH:5
FNDA:4,get
FNDA:5,create
FNDA:1,update
FNDA:1,find
FNDA:1,findAll
DA:1,1
DA:2,1
DA:3,1
DA:4,1
DA:5,1
DA:6,1
DA:7,1
DA:8,1
DA:9,1
DA:10,5
DA:11,5
DA:12,5
DA:13,5
DA:14,5
DA:15,6
DA:16,6
DA:17,6
DA:18,6
DA:19,6
DA:20,6
DA:21,5
DA:22,5
DA:23,5
DA:24,5
DA:25,5
DA:26,1
DA:27,1
DA:28,1
DA:29,1
DA:30,1
DA:31,1
DA:32,1
DA:33,1
DA:34,1
DA:35,2
DA:36,2
DA:37,2
DA:38,2
DA:39,2
DA:40,2
DA:41,2
DA:42,1
DA:43,1
DA:44,1
DA:45,1
DA:46,1
DA:47,1
DA:48,1
DA:49,1
DA:50,1
DA:51,1
DA:52,1
DA:53,1
DA:54,1
DA:55,1
DA:56,1
DA:57,1
DA:58,0
DA:59,0
DA:60,1
DA:61,1
DA:62,2
DA:63,2
DA:64,2
DA:65,2
DA:66,2
DA:67,2
DA:68,2
DA:69,2
DA:70,2
DA:71,1
DA:72,1
DA:73,1
DA:74,1
DA:75,1
DA:76,1
DA:77,1
DA:78,1
DA:79,1
DA:80,1
DA:81,2
DA:82,2
DA:83,2
DA:84,2
DA:85,2
DA:86,2
DA:87,2
DA:88,2
DA:89,2
DA:90,2
DA:91,2
DA:92,2
DA:93,2
DA:94,2
DA:95,2
DA:96,2
DA:97,2
DA:98,2
DA:99,1
DA:100,1
DA:101,1
LF:101
LH:99
BRDA:7,0,0,4
BRDA:9,1,0,5
BRDA:14,2,0,6
BRDA:27,3,0,1
BRDA:29,4,0,1
BRDA:34,5,0,2
BRDA:50,6,0,1
BRDA:57,7,0,0
BRDA:61,8,0,2
BRDA:77,9,0,1
BRDA:80,10,0,2
BRDA:85,11,0,2
BRF:12
BRH:11
end_of_record
TN:
SF:src/infrastructure/product/repository/sequelize/product.model.ts
FN:7,get
FNF:1
FNH:1
FNDA:58,get
DA:1,1
DA:2,1
DA:3,1
DA:4,1
DA:5,1
DA:6,1
DA:7,1
DA:8,1
DA:9,1
DA:10,1
DA:11,1
DA:12,1
DA:13,1
DA:14,1
DA:15,1
DA:16,1
DA:17,1
DA:18,1
LF:18
LH:18
BRDA:7,0,0,58
BRF:1
BRH:1
end_of_record
TN:
SF:src/infrastructure/product/repository/sequelize/product.repository.ts
FN:5,get
FN:7,create
FN:15,update
FN:28,find
FN:38,findAll
FNF:5
FNH:5
FNDA:8,get
FNDA:11,create
FNDA:1,update
FNDA:1,find
FNDA:1,findAll
DA:1,1
DA:2,1
DA:3,1
DA:4,1
DA:5,1
DA:6,1
DA:7,1
DA:8,11
DA:9,11
DA:10,11
DA:11,11
DA:12,11
DA:13,11
DA:14,1
DA:15,1
DA:16,1
DA:17,1
DA:18,1
DA:19,1
DA:20,1
DA:21,1
DA:22,1
DA:23,1
DA:24,1
DA:25,1
DA:26,1
DA:27,1
DA:28,1
DA:29,1
DA:30,1
DA:31,1
DA:32,1
DA:33,1
DA:34,1
DA:35,1
DA:36,1
DA:37,1
DA:38,1
DA:39,1
DA:40,1
DA:41,2
DA:42,1
DA:43,1
LF:43
LH:43
BRDA:5,0,0,8
BRDA:7,1,0,11
BRDA:15,2,0,1
BRDA:28,3,0,1
BRDA:38,4,0,1
BRDA:40,5,0,2
BRF:6
BRH:6
end_of_record
TN:
SF:src/usecase/customer/create/create.customer.usecase.ts
FN:7,get
FN:14,execute
FN:10,CreateCustomerUseCase
FNF:3
FNH:3
FNDA:1,get
FNDA:1,execute
FNDA:1,CreateCustomerUseCase
DA:1,1
DA:2,1
DA:3,1
DA:4,1
DA:5,1
DA:6,1
DA:7,1
DA:8,1
DA:9,1
DA:10,1
DA:11,1
DA:12,1
DA:13,1
DA:14,1
DA:15,1
DA:16,1
DA:17,1
DA:18,1
DA:19,1
DA:20,1
DA:21,1
DA:22,1
DA:23,1
DA:24,1
DA:25,1
DA:26,1
DA:27,1
DA:28,1
DA:29,1
DA:30,1
DA:31,1
DA:32,1
DA:33,1
DA:34,1
DA:35,1
DA:36,1
DA:37,1
LF:37
LH:37
BRDA:7,0,0,1
BRDA:14,1,0,1
BRDA:10,2,0,1
BRF:3
BRH:3
end_of_record
TN:
SF:src/usecase/customer/find/find.customer.usecase.ts
FN:4,get
FN:11,execute
FN:7,FindCustomerUseCase
FNF:3
FNH:3
FNDA:3,get
FNDA:3,execute
FNDA:3,FindCustomerUseCase
DA:1,1
DA:2,1
DA:3,1
DA:4,1
DA:5,1
DA:6,1
DA:7,1
DA:8,3
DA:9,3
DA:10,1
DA:11,1
DA:12,3
DA:13,2
DA:14,2
DA:15,2
DA:16,2
DA:17,2
DA:18,2
DA:19,2
DA:20,2
DA:21,2
DA:22,2
DA:23,2
DA:24,2
DA:25,1
LF:25
LH:25
BRDA:4,0,0,3
BRDA:11,1,0,3
BRDA:12,2,0,2
BRDA:7,3,0,3
BRF:4
BRH:4
end_of_record
